<?xml version="1.0" encoding="UTF-8"?>
<!-- Generated by org.testng.reporters.JUnitXMLReporter -->
<testsuite hostname="Deelap" ignored="0" name="Add customer test" tests="2" failures="0" timestamp="16 Jun 2019 09:03:20 GMT" time="0.078" errors="0">
  <testcase name="addCustomerTest" time="0.002" classname="com.deepak.testcases.AddCustomerTest">
    <skipped/>
  </testcase> <!-- addCustomerTest -->
  <testcase name="addCustomerTest" time="0.001" classname="com.deepak.testcases.AddCustomerTest">
    <skipped/>
  </testcase> <!-- addCustomerTest -->
</testsuite> <!-- Add customer test -->
