<?xml version="1.0" encoding="UTF-8"?>
<testsuite name="Add customer test"
           tests="2"
           failures="0"
           errors="0"
           skipped="2"
           time="0.000">
  <properties />
  
            <testcase name="addCustomerTest" time="0.0" classname="com.deepak.testcases.AddCustomerTest">
          <skipped />
    </testcase>
            <testcase name="addCustomerTest" time="0.0" classname="com.deepak.testcases.AddCustomerTest">
          <skipped />
    </testcase>
  
  
</testsuite>
